<?xml version="1.0" encoding="UTF-8"?>
<!-- Generated by org.testng.reporters.JUnitReportReporter -->
<testsuite hostname="W8500534" failures="0" tests="3" name="testCases.TC001_RegistrationTest" time="11.449" errors="0" timestamp="2025-04-28T16:14:32 IST" skipped="0">
  <testcase classname="testCases.TC001_RegistrationTest" name="verify_Account_Registration" time="3.411"/>
  <testcase classname="testCases.TC001_RegistrationTest" name="verify_Account_Registration" time="4.124"/>
  <testcase classname="testCases.TC001_RegistrationTest" name="verify_Account_Registration" time="3.914"/>
</testsuite> <!-- testCases.TC001_RegistrationTest -->
