<?xml version="1.0" encoding="UTF-8"?>
<!-- Generated by org.testng.reporters.JUnitReportReporter -->
<testsuite hostname="W8500534" failures="0" tests="2" name="testCases.TC003_LoginFromDataDriven" time="7.248" errors="0" timestamp="2025-05-02T12:14:06 IST" skipped="0">
  <testcase classname="testCases.TC003_LoginFromDataDriven" name="verify_LoginFromDD" time="3.758"/>
  <testcase classname="testCases.TC003_LoginFromDataDriven" name="verify_LoginFromDD" time="3.490"/>
</testsuite> <!-- testCases.TC003_LoginFromDataDriven -->
